# JRE version: Java(TM) SE Runtime Environment (8.0_181-b13) (build 1.8.0_181-b13)
# Java VM: Java HotSpot(TM) 64-Bit Server VM (25.181-b13 mixed mode windows-amd64 compressed oops)
Heap:
 PSYoungGen      total 59904K, used 40383K [0x000000076b380000, 0x000000076fb80000, 0x00000007c0000000)
  eden space 47104K, 74% used [0x000000076b380000,0x000000076d590850,0x000000076e180000)
  from space 12800K, 42% used [0x000000076ee80000,0x000000076f3df570,0x000000076fb00000)
  to   space 13312K, 0% used [0x000000076e180000,0x000000076e180000,0x000000076ee80000)
 ParOldGen       total 75264K, used 20407K [0x00000006c1a00000, 0x00000006c6380000, 0x000000076b380000)
  object space 75264K, 27% used [0x00000006c1a00000,0x00000006c2deddc8,0x00000006c6380000)
 Metaspace       used 32407K, capacity 33486K, committed 33664K, reserved 1079296K
  class space    used 4121K, capacity 4375K, committed 4480K, reserved 1048576K
GC Heap History (10 events):
Event: 623.437 GC heap before
{Heap before GC invocations=19 (full 1):
 PSYoungGen      total 61440K, used 60966K [0x000000076b380000, 0x000000076fc80000, 0x00000007c0000000)
  eden space 51200K, 100% used [0x000000076b380000,0x000000076e580000,0x000000076e580000)
  from space 10240K, 95% used [0x000000076e680000,0x000000076f009920,0x000000076f080000)
  to   space 11776K, 0% used [0x000000076f100000,0x000000076f100000,0x000000076fc80000)
 ParOldGen       total 75264K, used 16196K [0x00000006c1a00000, 0x00000006c6380000, 0x000000076b380000)
  object space 75264K, 21% used [0x00000006c1a00000,0x00000006c29d1090,0x00000006c6380000)
 Metaspace       used 32202K, capacity 33224K, committed 33408K, reserved 1079296K
  class space    used 4105K, capacity 4354K, committed 4480K, reserved 1048576K
Event: 623.442 GC heap after
Heap after GC invocations=19 (full 1):
 PSYoungGen      total 61952K, used 11212K [0x000000076b380000, 0x000000076fc80000, 0x00000007c0000000)
  eden space 50176K, 0% used [0x000000076b380000,0x000000076b380000,0x000000076e480000)
  from space 11776K, 95% used [0x000000076f100000,0x000000076fbf3188,0x000000076fc80000)
  to   space 12288K, 0% used [0x000000076e480000,0x000000076e480000,0x000000076f080000)
 ParOldGen       total 75264K, used 16204K [0x00000006c1a00000, 0x00000006c6380000, 0x000000076b380000)
  object space 75264K, 21% used [0x00000006c1a00000,0x00000006c29d3090,0x00000006c6380000)
 Metaspace       used 32202K, capacity 33224K, committed 33408K, reserved 1079296K
  class space    used 4105K, capacity 4354K, committed 4480K, reserved 1048576K
}
Event: 657.942 GC heap before
{Heap before GC invocations=20 (full 1):
 PSYoungGen      total 61952K, used 61388K [0x000000076b380000, 0x000000076fc80000, 0x00000007c0000000)
  eden space 50176K, 100% used [0x000000076b380000,0x000000076e480000,0x000000076e480000)
  from space 11776K, 95% used [0x000000076f100000,0x000000076fbf3188,0x000000076fc80000)
  to   space 12288K, 0% used [0x000000076e480000,0x000000076e480000,0x000000076f080000)
 ParOldGen       total 75264K, used 16204K [0x00000006c1a00000, 0x00000006c6380000, 0x000000076b380000)
  object space 75264K, 21% used [0x00000006c1a00000,0x00000006c29d3090,0x00000006c6380000)
 Metaspace       used 32220K, capacity 33224K, committed 33408K, reserved 1079296K
  class space    used 4105K, capacity 4354K, committed 4480K, reserved 1048576K
Event: 657.948 GC heap after
Heap after GC invocations=20 (full 1):
 PSYoungGen      total 61440K, used 11861K [0x000000076b380000, 0x000000076fc80000, 0x00000007c0000000)
  eden space 49152K, 0% used [0x000000076b380000,0x000000076b380000,0x000000076e380000)
  from space 12288K, 96% used [0x000000076e480000,0x000000076f0156c8,0x000000076f080000)
  to   space 12288K, 0% used [0x000000076f080000,0x000000076f080000,0x000000076fc80000)
 ParOldGen       total 75264K, used 16212K [0x00000006c1a00000, 0x00000006c6380000, 0x000000076b380000)
  object space 75264K, 21% used [0x00000006c1a00000,0x00000006c29d5090,0x00000006c6380000)
 Metaspace       used 32220K, capacity 33224K, committed 33408K, reserved 1079296K
  class space    used 4105K, capacity 4354K, committed 4480K, reserved 1048576K
}
Event: 681.086 GC heap before
{Heap before GC invocations=21 (full 1):
 PSYoungGen      total 61440K, used 61013K [0x000000076b380000, 0x000000076fc80000, 0x00000007c0000000)
  eden space 49152K, 100% used [0x000000076b380000,0x000000076e380000,0x000000076e380000)
  from space 12288K, 96% used [0x000000076e480000,0x000000076f0156c8,0x000000076f080000)
  to   space 12288K, 0% used [0x000000076f080000,0x000000076f080000,0x000000076fc80000)
 ParOldGen       total 75264K, used 16212K [0x00000006c1a00000, 0x00000006c6380000, 0x000000076b380000)
  object space 75264K, 21% used [0x00000006c1a00000,0x00000006c29d5090,0x00000006c6380000)
 Metaspace       used 32222K, capacity 33224K, committed 33408K, reserved 1079296K
  class space    used 4105K, capacity 4354K, committed 4480K, reserved 1048576K
Event: 681.092 GC heap after
Heap after GC invocations=21 (full 1):
 PSYoungGen      total 59392K, used 10901K [0x000000076b380000, 0x000000076fb80000, 0x00000007c0000000)
  eden space 48128K, 0% used [0x000000076b380000,0x000000076b380000,0x000000076e280000)
  from space 11264K, 96% used [0x000000076f080000,0x000000076fb25460,0x000000076fb80000)
  to   space 12800K, 0% used [0x000000076e280000,0x000000076e280000,0x000000076ef00000)
 ParOldGen       total 75264K, used 18125K [0x00000006c1a00000, 0x00000006c6380000, 0x000000076b380000)
  object space 75264K, 24% used [0x00000006c1a00000,0x00000006c2bb37d8,0x00000006c6380000)
 Metaspace       used 32222K, capacity 33224K, committed 33408K, reserved 1079296K
  class space    used 4105K, capacity 4354K, committed 4480K, reserved 1048576K
}
Event: 712.917 GC heap before
{Heap before GC invocations=22 (full 1):
 PSYoungGen      total 59392K, used 59029K [0x000000076b380000, 0x000000076fb80000, 0x00000007c0000000)
  eden space 48128K, 100% used [0x000000076b380000,0x000000076e280000,0x000000076e280000)
  from space 11264K, 96% used [0x000000076f080000,0x000000076fb25460,0x000000076fb80000)
  to   space 12800K, 0% used [0x000000076e280000,0x000000076e280000,0x000000076ef00000)
 ParOldGen       total 75264K, used 18125K [0x00000006c1a00000, 0x00000006c6380000, 0x000000076b380000)
  object space 75264K, 24% used [0x00000006c1a00000,0x00000006c2bb37d8,0x00000006c6380000)
 Metaspace       used 32233K, capacity 33228K, committed 33408K, reserved 1079296K
  class space    used 4105K, capacity 4354K, committed 4480K, reserved 1048576K
Event: 712.923 GC heap after
Heap after GC invocations=22 (full 1):
 PSYoungGen      total 57344K, used 9566K [0x000000076b380000, 0x000000076fb00000, 0x00000007c0000000)
  eden space 47616K, 0% used [0x000000076b380000,0x000000076b380000,0x000000076e200000)
  from space 9728K, 98% used [0x000000076e280000,0x000000076ebd7b18,0x000000076ec00000)
  to   space 12800K, 0% used [0x000000076ee80000,0x000000076ee80000,0x000000076fb00000)
 ParOldGen       total 75264K, used 19306K [0x00000006c1a00000, 0x00000006c6380000, 0x000000076b380000)
  object space 75264K, 25% used [0x00000006c1a00000,0x00000006c2cdaac0,0x00000006c6380000)
 Metaspace       used 32233K, capacity 33228K, committed 33408K, reserved 1079296K
  class space    used 4105K, capacity 4354K, committed 4480K, reserved 1048576K
}
Event: 744.416 GC heap before
{Heap before GC invocations=23 (full 1):
 PSYoungGen      total 57344K, used 57182K [0x000000076b380000, 0x000000076fb00000, 0x00000007c0000000)
  eden space 47616K, 100% used [0x000000076b380000,0x000000076e200000,0x000000076e200000)
  from space 9728K, 98% used [0x000000076e280000,0x000000076ebd7b18,0x000000076ec00000)
  to   space 12800K, 0% used [0x000000076ee80000,0x000000076ee80000,0x000000076fb00000)
 ParOldGen       total 75264K, used 19306K [0x00000006c1a00000, 0x00000006c6380000, 0x000000076b380000)
  object space 75264K, 25% used [0x00000006c1a00000,0x00000006c2cdaac0,0x00000006c6380000)
 Metaspace       used 32371K, capacity 33422K, committed 33664K, reserved 1079296K
  class space    used 4116K, capacity 4375K, committed 4480K, reserved 1048576K
Event: 744.420 GC heap after
Heap after GC invocations=23 (full 1):
 PSYoungGen      total 59904K, used 5501K [0x000000076b380000, 0x000000076fb80000, 0x00000007c0000000)
  eden space 47104K, 0% used [0x000000076b380000,0x000000076b380000,0x000000076e180000)
  from space 12800K, 42% used [0x000000076ee80000,0x000000076f3df570,0x000000076fb00000)
  to   space 13312K, 0% used [0x000000076e180000,0x000000076e180000,0x000000076ee80000)
 ParOldGen       total 75264K, used 20407K [0x00000006c1a00000, 0x00000006c6380000, 0x000000076b380000)
  object space 75264K, 27% used [0x00000006c1a00000,0x00000006c2deddc8,0x00000006c6380000)
 Metaspace       used 32371K, capacity 33422K, committed 33664K, reserved 1079296K
  class space    used 4116K, capacity 4375K, committed 4480K, reserved 1048576K
}

